

times in msec
 clock   self+sourced   self:  sourced script
 clock   elapsed:              other lines

000.020  000.020: --- NVIM STARTING ---
000.647  000.626: locale set
001.322  000.675: inits 1
001.351  000.029: window checked
001.357  000.006: parsing arguments
006.034  004.677: expanding arguments
006.081  000.047: inits 2
007.083  001.002: init highlight
007.085  000.002: waiting for UI
009.055  001.970: done waiting for UI
009.111  000.056: init screen for UI
009.176  000.065: init default mappings
009.237  000.060: init default autocommands
011.691  000.115  000.115: sourcing /usr/share/nvim/runtime/ftplugin.vim
012.204  000.059  000.059: sourcing /usr/share/nvim/runtime/indent.vim
012.392  000.022  000.022: sourcing /usr/share/nvim/archlinux.vim
012.398  000.062  000.040: sourcing /etc/xdg/nvim/sysinit.vim
041.388  000.082  000.082: sourcing /home/neil/.local/share/nvim/site/pack/packer/start/nvim-treesitter/autoload/nvim_treesitter.vim
049.180  000.196  000.196: sourcing /usr/share/nvim/runtime/syntax/synload.vim
049.966  000.099  000.099: sourcing /usr/share/nvim/runtime/filetype.lua
065.403  000.030  000.030: sourcing /home/neil/.local/share/nvim/site/pack/packer/start/LuaSnip/ftdetect/snippets.vim
066.143  000.031  000.031: sourcing /home/neil/.local/share/nvim/site/pack/packer/start/nvim-treesitter/ftdetect/cooklang.vim
066.196  000.024  000.024: sourcing /home/neil/.local/share/nvim/site/pack/packer/start/nvim-treesitter/ftdetect/fusion.vim
066.254  000.031  000.031: sourcing /home/neil/.local/share/nvim/site/pack/packer/start/nvim-treesitter/ftdetect/gdresource.vim
066.305  000.025  000.025: sourcing /home/neil/.local/share/nvim/site/pack/packer/start/nvim-treesitter/ftdetect/gdscript.vim
066.352  000.020  000.020: sourcing /home/neil/.local/share/nvim/site/pack/packer/start/nvim-treesitter/ftdetect/glimmer.vim
066.401  000.023  000.023: sourcing /home/neil/.local/share/nvim/site/pack/packer/start/nvim-treesitter/ftdetect/glsl.vim
066.450  000.022  000.022: sourcing /home/neil/.local/share/nvim/site/pack/packer/start/nvim-treesitter/ftdetect/gowork.vim
066.514  000.038  000.038: sourcing /home/neil/.local/share/nvim/site/pack/packer/start/nvim-treesitter/ftdetect/graphql.vim
066.569  000.029  000.029: sourcing /home/neil/.local/share/nvim/site/pack/packer/start/nvim-treesitter/ftdetect/hack.vim
066.634  000.039  000.039: sourcing /home/neil/.local/share/nvim/site/pack/packer/start/nvim-treesitter/ftdetect/hcl.vim
066.681  000.021  000.021: sourcing /home/neil/.local/share/nvim/site/pack/packer/start/nvim-treesitter/ftdetect/heex.vim
066.731  000.024  000.024: sourcing /home/neil/.local/share/nvim/site/pack/packer/start/nvim-treesitter/ftdetect/hjson.vim
066.778  000.020  000.020: sourcing /home/neil/.local/share/nvim/site/pack/packer/start/nvim-treesitter/ftdetect/json5.vim
066.844  000.038  000.038: sourcing /home/neil/.local/share/nvim/site/pack/packer/start/nvim-treesitter/ftdetect/ledger.vim
066.890  000.021  000.021: sourcing /home/neil/.local/share/nvim/site/pack/packer/start/nvim-treesitter/ftdetect/nix.vim
066.938  000.022  000.022: sourcing /home/neil/.local/share/nvim/site/pack/packer/start/nvim-treesitter/ftdetect/prisma.vim
066.994  000.028  000.028: sourcing /home/neil/.local/share/nvim/site/pack/packer/start/nvim-treesitter/ftdetect/pug.vim
067.047  000.027  000.027: sourcing /home/neil/.local/share/nvim/site/pack/packer/start/nvim-treesitter/ftdetect/ql.vim
067.130  000.056  000.056: sourcing /home/neil/.local/share/nvim/site/pack/packer/start/nvim-treesitter/ftdetect/query.vim
067.180  000.022  000.022: sourcing /home/neil/.local/share/nvim/site/pack/packer/start/nvim-treesitter/ftdetect/surface.vim
067.229  000.024  000.024: sourcing /home/neil/.local/share/nvim/site/pack/packer/start/nvim-treesitter/ftdetect/teal.vim
067.275  000.020  000.020: sourcing /home/neil/.local/share/nvim/site/pack/packer/start/nvim-treesitter/ftdetect/tlaplus.vim
067.325  000.024  000.024: sourcing /home/neil/.local/share/nvim/site/pack/packer/start/nvim-treesitter/ftdetect/yang.vim
067.577  000.022  000.022: sourcing /home/neil/.local/share/nvim/site/pack/packer/start/vim-fugitive/ftdetect/fugitive.vim
067.918  000.046  000.046: sourcing /home/neil/.local/share/nvim/site/pack/packer/start/vimtex/ftdetect/cls.vim
067.987  000.040  000.040: sourcing /home/neil/.local/share/nvim/site/pack/packer/start/vimtex/ftdetect/tex.vim
068.048  000.035  000.035: sourcing /home/neil/.local/share/nvim/site/pack/packer/start/vimtex/ftdetect/tikz.vim
068.371  000.025  000.025: sourcing /usr/share/vim/vimfiles/ftdetect/PKGBUILD.vim
068.480  000.086  000.086: sourcing /usr/share/vim/vimfiles/ftdetect/task.vim
069.446  019.444  018.533: sourcing /usr/share/nvim/runtime/filetype.vim
071.719  001.152  001.152: sourcing /usr/share/nvim/runtime/scripts.vim
071.927  023.360  002.468: sourcing /usr/share/nvim/runtime/syntax/syntax.vim
072.540  000.503  000.503: sourcing /usr/share/nvim/runtime/syntax/nosyntax.vim
073.075  000.155  000.155: sourcing /usr/share/nvim/runtime/syntax/synload.vim
073.219  001.242  000.584: sourcing /usr/share/nvim/runtime/syntax/syntax.vim
172.174  000.216  000.216: sourcing /home/neil/.local/share/nvim/site/pack/packer/start/onedark.vim/autoload/onedark.vim
223.035  053.474  053.258: sourcing /home/neil/.local/share/nvim/site/pack/packer/start/onedark.vim/colors/onedark.vim
225.381  000.161  000.161: sourcing /home/neil/.config/nvim/lib/functions.vim
225.490  000.068  000.068: sourcing /home/neil/.config/nvim/lib/abbreviations.vim
225.498  213.066  134.678: sourcing /home/neil/.config/nvim/init.lua
225.511  002.974: sourcing vimrc file(s)
228.730  001.094  001.094: sourcing /usr/share/nvim/runtime/plugin/gzip.vim
228.784  000.022  000.022: sourcing /usr/share/nvim/runtime/plugin/health.vim
228.978  000.171  000.171: sourcing /usr/share/nvim/runtime/plugin/man.vim
229.966  000.458  000.458: sourcing /usr/share/nvim/runtime/pack/dist/opt/matchit/plugin/matchit.vim
230.159  001.152  000.694: sourcing /usr/share/nvim/runtime/plugin/matchit.vim
230.518  000.330  000.330: sourcing /usr/share/nvim/runtime/plugin/matchparen.vim
230.612  000.039  000.039: sourcing /usr/share/nvim/runtime/plugin/netrwPlugin.vim
230.914  000.023  000.023: sourcing /home/neil/.local/share/nvim/rplugin.vim
230.927  000.291  000.267: sourcing /usr/share/nvim/runtime/plugin/rplugin.vim
231.175  000.225  000.225: sourcing /usr/share/nvim/runtime/plugin/shada.vim
231.269  000.046  000.046: sourcing /usr/share/nvim/runtime/plugin/spellfile.vim
231.630  000.334  000.334: sourcing /usr/share/nvim/runtime/plugin/tarPlugin.vim
231.849  000.179  000.179: sourcing /usr/share/nvim/runtime/plugin/tohtml.vim
231.910  000.035  000.035: sourcing /usr/share/nvim/runtime/plugin/tutor.vim
232.389  000.455  000.455: sourcing /usr/share/nvim/runtime/plugin/zipPlugin.vim
236.502  000.147  000.147: sourcing /usr/share/nvim/runtime/autoload/provider/pythonx.vim
285.168  000.473  000.473: sourcing /usr/share/nvim/runtime/autoload/remote/host.vim
285.406  049.462  048.842: sourcing /usr/share/nvim/runtime/autoload/provider/python3.vim
285.609  053.069  003.607: sourcing /usr/share/vim/vimfiles/plugin/black.vim
286.130  003.177: loading rtp plugins
288.687  001.576  001.576: sourcing /home/neil/.local/share/nvim/site/pack/packer/start/LuaSnip/plugin/luasnip.vim
290.388  000.181  000.181: sourcing /home/neil/.local/share/nvim/site/pack/packer/start/ale/autoload/ale/events.vim
290.890  001.991  001.810: sourcing /home/neil/.local/share/nvim/site/pack/packer/start/ale/plugin/ale.vim
292.427  001.322  001.322: sourcing /home/neil/.local/share/nvim/site/pack/packer/start/any-jump.vim/plugin/any-jump.vim
293.023  000.092  000.092: sourcing /home/neil/.local/share/nvim/site/pack/packer/start/better-escape.vim/autoload/better_escape.vim
293.391  000.743  000.651: sourcing /home/neil/.local/share/nvim/site/pack/packer/start/better-escape.vim/plugin/better_escape.vim
294.100  000.045  000.045: sourcing /home/neil/.local/share/nvim/site/pack/packer/start/neoformat/plugin/neoformat.vim
296.809  002.454  002.454: sourcing /home/neil/.local/share/nvim/site/pack/packer/start/nvim-cmp/plugin/cmp.lua
297.141  000.088  000.088: sourcing /home/neil/.local/share/nvim/site/pack/packer/start/nvim-colorizer.lua/plugin/colorizer.vim
297.517  000.174  000.174: sourcing /home/neil/.local/share/nvim/site/pack/packer/start/nvim-lspconfig/plugin/lspconfig.vim
300.221  002.438  002.438: sourcing /home/neil/.local/share/nvim/site/pack/packer/start/nvim-treesitter/plugin/nvim-treesitter.vim
300.592  000.099  000.099: sourcing /home/neil/.local/share/nvim/site/pack/packer/start/nvim-web-devicons/plugin/nvim-web-devicons.vim
301.039  000.083  000.083: sourcing /home/neil/.local/share/nvim/site/pack/packer/start/plenary.nvim/plugin/plenary.vim
301.674  000.391  000.391: sourcing /home/neil/.local/share/nvim/site/pack/packer/start/tabular/plugin/Tabular.vim
302.280  000.334  000.334: sourcing /home/neil/.local/share/nvim/site/pack/packer/start/telescope.nvim/plugin/telescope.vim
305.470  002.973  002.973: sourcing /home/neil/.local/share/nvim/site/pack/packer/start/vim-fugitive/plugin/fugitive.vim
305.947  000.235  000.235: sourcing /home/neil/.local/share/nvim/site/pack/packer/start/vim-maximizer/plugin/maximizer.vim
306.726  000.161  000.161: sourcing /home/neil/.local/share/nvim/site/pack/packer/start/vim-mundo/autoload/mundo/util.vim
307.452  001.303  001.142: sourcing /home/neil/.local/share/nvim/site/pack/packer/start/vim-mundo/plugin/mundo.vim
307.928  000.239  000.239: sourcing /home/neil/.local/share/nvim/site/pack/packer/start/vim-relativize/plugin/relativize.vim
308.778  000.213  000.213: sourcing /home/neil/.local/share/nvim/site/pack/packer/start/vim-signature/autoload/signature/utils.vim
310.920  002.778  002.565: sourcing /home/neil/.local/share/nvim/site/pack/packer/start/vim-signature/plugin/signature.vim
311.225  000.070  000.070: sourcing /home/neil/.local/share/nvim/site/pack/packer/start/vim-syntax-extra/plugin/vim-syntax-extra.vim
311.967  000.539  000.539: sourcing /home/neil/.local/share/nvim/site/pack/packer/start/vim-vinegar/plugin/vinegar.vim
312.259  000.074  000.074: sourcing /home/neil/.local/share/nvim/site/pack/packer/start/vimtex/plugin/vimtex.vim
312.565  006.488: loading packages
314.159  000.525  000.525: sourcing /home/neil/.local/share/nvim/site/pack/packer/start/tabular/autoload/tabular.vim
318.416  005.315  004.790: sourcing /home/neil/.local/share/nvim/site/pack/packer/start/tabular/after/plugin/TabularMaps.vim
318.669  000.098  000.098: sourcing /home/neil/.local/share/nvim/site/pack/packer/start/vim-signature/after/plugin/signature.vim
320.278  001.433  001.433: sourcing /home/neil/.local/share/nvim/site/pack/packer/start/cmp-buffer/after/plugin/cmp_buffer.lua
320.679  000.259  000.259: sourcing /home/neil/.local/share/nvim/site/pack/packer/start/cmp-nvim-lsp/after/plugin/cmp_nvim_lsp.lua
321.212  000.404  000.404: sourcing /home/neil/.local/share/nvim/site/pack/packer/start/cmp-nvim-lua/after/plugin/cmp_nvim_lua.lua
323.346  002.005  002.005: sourcing /home/neil/.local/share/nvim/site/pack/packer/start/cmp-path/after/plugin/cmp_path.lua
324.737  001.253  001.253: sourcing /home/neil/.local/share/nvim/site/pack/packer/start/cmp_luasnip/after/plugin/cmp_luasnip.lua
325.001  001.669: loading after plugins
325.035  000.034: inits 3
334.537  009.502: reading ShaDa
335.379  000.419  000.419: sourcing /home/neil/.local/share/nvim/site/pack/packer/start/ale/autoload/ale.vim
335.573  000.617: opening buffers
336.476  000.394  000.394: sourcing /home/neil/.local/share/nvim/site/pack/packer/start/vim-signature/autoload/signature/sign.vim
337.621  000.392  000.392: sourcing /home/neil/.local/share/nvim/site/pack/packer/start/vim-signature/autoload/signature/mark.vim
344.967  008.607: BufEnter autocommands
344.975  000.008: editing files in windows
345.863  000.888: VimEnter autocommands
345.870  000.007: UIEnter autocommands
346.781  000.474  000.474: sourcing /usr/share/nvim/runtime/autoload/provider/clipboard.vim
346.797  000.453: before starting main loop
355.294  008.497: first screen update
355.305  000.012: --- NVIM STARTED ---
